
========================[ Mar 10, 2006  3:43 PM ]========================
Version 2.2.10 [Oct-19-2004]
Started database file "test_bdb"
NOTE: ncbiapi [000.000] SeqIdParse Failure at 
NOTE: ncbiapi [000.000] SeqIdParse Failure at 
NOTE: ncbiapi [000.000] SeqIdParse Failure at 
NOTE: ncbiapi [000.000] SeqIdParse Failure at 
NOTE: ncbiapi [000.000] SeqIdParse Failure at 
NOTE: ncbiapi [000.000] SeqIdParse Failure at 
NOTE: ncbiapi [000.000] SeqIdParse Failure at 
NOTE: ncbiapi [000.000] SeqIdParse Failure at 
NOTE: ncbiapi [000.000] SeqIdParse Failure at 
NOTE: ncbiapi [000.000] SeqIdParse Failure at 
Formatted 10 sequences in volume 0

========================[ Mar 10, 2006  3:43 PM ]========================
Version 2.2.10 [Oct-19-2004]
Started database file "test_bdb"
NOTE: ncbiapi [000.000] SeqIdParse Failure at 
NOTE: ncbiapi [000.000] SeqIdParse Failure at 
NOTE: ncbiapi [000.000] SeqIdParse Failure at 
NOTE: ncbiapi [000.000] SeqIdParse Failure at 
NOTE: ncbiapi [000.000] SeqIdParse Failure at 
NOTE: ncbiapi [000.000] SeqIdParse Failure at 
NOTE: ncbiapi [000.000] SeqIdParse Failure at 
NOTE: ncbiapi [000.000] SeqIdParse Failure at 
NOTE: ncbiapi [000.000] SeqIdParse Failure at 
NOTE: ncbiapi [000.000] SeqIdParse Failure at 
Formatted 10 sequences in volume 0

========================[ Jun 16, 2006  2:36 PM ]========================
Version 2.2.6 [Apr-09-2003]
Started database file "test_bdb"
NOTE: CoreLib [002.003] FileOpen("/Users/rob/Library/Preferences/formatdb.cnf","r") failed
NOTE: CoreLib [002.003] FileOpen("/Users/rob/new_cvs/Resources/formatdb.cnf","r") failed
NOTE: CoreLib [002.003] FileOpen(".formatdbrc","r") failed
NOTE: CoreLib [002.003] FileOpen("/Users/rob/.formatdbrc","r") failed
NOTE: [000.000] No number of link bits used found in config  file. Ignoring
NOTE: [000.000] No number of membership bits used found in config file. Ignoring
NOTE: ncbiapi [000.000] SeqIdParse Failure at 
NOTE: ncbiapi [000.000] SeqIdParse Failure at 
NOTE: ncbiapi [000.000] SeqIdParse Failure at 
NOTE: ncbiapi [000.000] SeqIdParse Failure at 
NOTE: ncbiapi [000.000] SeqIdParse Failure at 
NOTE: ncbiapi [000.000] SeqIdParse Failure at 
NOTE: ncbiapi [000.000] SeqIdParse Failure at 
NOTE: ncbiapi [000.000] SeqIdParse Failure at 
NOTE: ncbiapi [000.000] SeqIdParse Failure at 
NOTE: ncbiapi [000.000] SeqIdParse Failure at 
Formatted 10 sequences in volume 0

========================[ Jun 16, 2006  2:36 PM ]========================
Version 2.2.6 [Apr-09-2003]
Started database file "test_bdb"
NOTE: CoreLib [002.003] FileOpen("/Users/rob/Library/Preferences/formatdb.cnf","r") failed
NOTE: CoreLib [002.003] FileOpen("/Users/rob/new_cvs/Resources/formatdb.cnf","r") failed
NOTE: CoreLib [002.003] FileOpen(".formatdbrc","r") failed
NOTE: CoreLib [002.003] FileOpen("/Users/rob/.formatdbrc","r") failed
NOTE: [000.000] No number of link bits used found in config  file. Ignoring
NOTE: [000.000] No number of membership bits used found in config file. Ignoring
NOTE: ncbiapi [000.000] SeqIdParse Failure at 
NOTE: ncbiapi [000.000] SeqIdParse Failure at 
NOTE: ncbiapi [000.000] SeqIdParse Failure at 
NOTE: ncbiapi [000.000] SeqIdParse Failure at 
NOTE: ncbiapi [000.000] SeqIdParse Failure at 
NOTE: ncbiapi [000.000] SeqIdParse Failure at 
NOTE: ncbiapi [000.000] SeqIdParse Failure at 
NOTE: ncbiapi [000.000] SeqIdParse Failure at 
NOTE: ncbiapi [000.000] SeqIdParse Failure at 
NOTE: ncbiapi [000.000] SeqIdParse Failure at 
Formatted 10 sequences in volume 0
